{"/Users/nikitadurnev/Desktop/Developing/Tasks/task1/testing/src/task1.js": {"path":"/Users/nikitadurnev/Desktop/Developing/Tasks/task1/testing/src/task1.js","all":false,"statementMap":{"0":{"start":{"line":1,"column":0},"end":{"line":1,"column":21}},"1":{"start":{"line":2,"column":0},"end":{"line":2,"column":75}},"2":{"start":{"line":3,"column":0},"end":{"line":3,"column":0}},"3":{"start":{"line":4,"column":0},"end":{"line":4,"column":24}},"4":{"start":{"line":5,"column":0},"end":{"line":5,"column":25}},"5":{"start":{"line":6,"column":0},"end":{"line":6,"column":54}},"6":{"start":{"line":7,"column":0},"end":{"line":7,"column":31}},"7":{"start":{"line":8,"column":0},"end":{"line":8,"column":23}},"8":{"start":{"line":9,"column":0},"end":{"line":9,"column":56}},"9":{"start":{"line":10,"column":0},"end":{"line":10,"column":37}},"10":{"start":{"line":11,"column":0},"end":{"line":11,"column":9}},"11":{"start":{"line":12,"column":0},"end":{"line":12,"column":60}},"12":{"start":{"line":13,"column":0},"end":{"line":13,"column":69}},"13":{"start":{"line":14,"column":0},"end":{"line":14,"column":7}},"14":{"start":{"line":15,"column":0},"end":{"line":15,"column":5}},"15":{"start":{"line":16,"column":0},"end":{"line":16,"column":1}}},"s":{"0":1,"1":1,"2":1,"3":1,"4":1,"5":1,"6":1,"7":1,"8":1,"9":1,"10":1,"11":1,"12":1,"13":1,"14":1,"15":1},"branchMap":{"0":{"type":"branch","line":2,"loc":{"start":{"line":2,"column":18},"end":{"line":2,"column":49}},"locations":[{"start":{"line":2,"column":18},"end":{"line":2,"column":49}}]},"1":{"type":"branch","line":7,"loc":{"start":{"line":7,"column":24},"end":{"line":15,"column":3}},"locations":[{"start":{"line":7,"column":24},"end":{"line":15,"column":3}}]},"2":{"type":"branch","line":8,"loc":{"start":{"line":8,"column":16},"end":{"line":14,"column":5}},"locations":[{"start":{"line":8,"column":16},"end":{"line":14,"column":5}}]}},"b":{"0":[3],"1":[1],"2":[1]},"fnMap":{"0":{"name":"duplicate","decl":{"start":{"line":2,"column":18},"end":{"line":2,"column":49}},"loc":{"start":{"line":2,"column":18},"end":{"line":2,"column":49}},"line":2}},"f":{"0":3}}
,"/Users/nikitadurnev/Desktop/Developing/Tasks/task1/testing/src/task10.js": {"path":"/Users/nikitadurnev/Desktop/Developing/Tasks/task1/testing/src/task10.js","all":false,"statementMap":{"0":{"start":{"line":1,"column":0},"end":{"line":1,"column":34}},"1":{"start":{"line":2,"column":0},"end":{"line":2,"column":0}},"2":{"start":{"line":3,"column":0},"end":{"line":3,"column":21}},"3":{"start":{"line":4,"column":0},"end":{"line":4,"column":25}},"4":{"start":{"line":5,"column":0},"end":{"line":5,"column":15}},"5":{"start":{"line":6,"column":0},"end":{"line":6,"column":14}},"6":{"start":{"line":7,"column":0},"end":{"line":7,"column":14}},"7":{"start":{"line":8,"column":0},"end":{"line":8,"column":20}},"8":{"start":{"line":9,"column":0},"end":{"line":9,"column":2}},"9":{"start":{"line":10,"column":0},"end":{"line":10,"column":0}},"10":{"start":{"line":11,"column":0},"end":{"line":11,"column":24}},"11":{"start":{"line":12,"column":0},"end":{"line":12,"column":25}},"12":{"start":{"line":13,"column":0},"end":{"line":13,"column":54}},"13":{"start":{"line":14,"column":0},"end":{"line":14,"column":31}},"14":{"start":{"line":15,"column":0},"end":{"line":15,"column":23}},"15":{"start":{"line":16,"column":0},"end":{"line":16,"column":34}},"16":{"start":{"line":17,"column":0},"end":{"line":17,"column":7}},"17":{"start":{"line":18,"column":0},"end":{"line":18,"column":5}},"18":{"start":{"line":19,"column":0},"end":{"line":19,"column":1}}},"s":{"0":1,"1":1,"2":1,"3":1,"4":1,"5":1,"6":1,"7":1,"8":1,"9":1,"10":1,"11":1,"12":1,"13":1,"14":1,"15":1,"16":1,"17":1,"18":1},"branchMap":{"0":{"type":"branch","line":4,"loc":{"start":{"line":4,"column":18},"end":{"line":9,"column":2}},"locations":[{"start":{"line":4,"column":18},"end":{"line":9,"column":2}}]},"1":{"type":"branch","line":14,"loc":{"start":{"line":14,"column":24},"end":{"line":18,"column":3}},"locations":[{"start":{"line":14,"column":24},"end":{"line":18,"column":3}}]},"2":{"type":"branch","line":15,"loc":{"start":{"line":15,"column":16},"end":{"line":17,"column":5}},"locations":[{"start":{"line":15,"column":16},"end":{"line":17,"column":5}}]}},"b":{"0":[1],"1":[1],"2":[1]},"fnMap":{"0":{"name":"fooLength","decl":{"start":{"line":4,"column":18},"end":{"line":9,"column":2}},"loc":{"start":{"line":4,"column":18},"end":{"line":9,"column":2}},"line":4}},"f":{"0":1}}
,"/Users/nikitadurnev/Desktop/Developing/Tasks/task1/testing/src/task11.js": {"path":"/Users/nikitadurnev/Desktop/Developing/Tasks/task1/testing/src/task11.js","all":false,"statementMap":{"0":{"start":{"line":1,"column":0},"end":{"line":1,"column":29}},"1":{"start":{"line":2,"column":0},"end":{"line":2,"column":0}},"2":{"start":{"line":3,"column":0},"end":{"line":3,"column":21}},"3":{"start":{"line":4,"column":0},"end":{"line":4,"column":19}},"4":{"start":{"line":5,"column":0},"end":{"line":5,"column":21}},"5":{"start":{"line":6,"column":0},"end":{"line":6,"column":16}},"6":{"start":{"line":7,"column":0},"end":{"line":7,"column":25}},"7":{"start":{"line":8,"column":0},"end":{"line":8,"column":13}},"8":{"start":{"line":9,"column":0},"end":{"line":9,"column":2}},"9":{"start":{"line":10,"column":0},"end":{"line":10,"column":0}},"10":{"start":{"line":11,"column":0},"end":{"line":11,"column":24}},"11":{"start":{"line":12,"column":0},"end":{"line":12,"column":25}},"12":{"start":{"line":13,"column":0},"end":{"line":13,"column":54}},"13":{"start":{"line":14,"column":0},"end":{"line":14,"column":25}},"14":{"start":{"line":15,"column":0},"end":{"line":15,"column":23}},"15":{"start":{"line":16,"column":0},"end":{"line":16,"column":38}},"16":{"start":{"line":17,"column":0},"end":{"line":17,"column":7}},"17":{"start":{"line":18,"column":0},"end":{"line":18,"column":5}},"18":{"start":{"line":19,"column":0},"end":{"line":19,"column":1}}},"s":{"0":1,"1":1,"2":1,"3":1,"4":1,"5":1,"6":1,"7":1,"8":1,"9":1,"10":1,"11":1,"12":1,"13":1,"14":1,"15":1,"16":1,"17":1,"18":1},"branchMap":{"0":{"type":"branch","line":4,"loc":{"start":{"line":4,"column":12},"end":{"line":9,"column":2}},"locations":[{"start":{"line":4,"column":12},"end":{"line":9,"column":2}}]},"1":{"type":"branch","line":14,"loc":{"start":{"line":14,"column":18},"end":{"line":18,"column":3}},"locations":[{"start":{"line":14,"column":18},"end":{"line":18,"column":3}}]},"2":{"type":"branch","line":15,"loc":{"start":{"line":15,"column":16},"end":{"line":17,"column":5}},"locations":[{"start":{"line":15,"column":16},"end":{"line":17,"column":5}}]}},"b":{"0":[1],"1":[1],"2":[1]},"fnMap":{"0":{"name":"foo","decl":{"start":{"line":4,"column":12},"end":{"line":9,"column":2}},"loc":{"start":{"line":4,"column":12},"end":{"line":9,"column":2}},"line":4}},"f":{"0":1}}
,"/Users/nikitadurnev/Desktop/Developing/Tasks/task1/testing/src/task14.js": {"path":"/Users/nikitadurnev/Desktop/Developing/Tasks/task1/testing/src/task14.js","all":false,"statementMap":{"0":{"start":{"line":1,"column":0},"end":{"line":1,"column":89}},"1":{"start":{"line":2,"column":0},"end":{"line":2,"column":0}},"2":{"start":{"line":3,"column":0},"end":{"line":3,"column":21}},"3":{"start":{"line":4,"column":0},"end":{"line":4,"column":17}},"4":{"start":{"line":5,"column":0},"end":{"line":5,"column":10}},"5":{"start":{"line":6,"column":0},"end":{"line":6,"column":17}},"6":{"start":{"line":7,"column":0},"end":{"line":7,"column":4}},"7":{"start":{"line":8,"column":0},"end":{"line":8,"column":1}},"8":{"start":{"line":9,"column":0},"end":{"line":9,"column":0}},"9":{"start":{"line":10,"column":0},"end":{"line":10,"column":17}},"10":{"start":{"line":11,"column":0},"end":{"line":11,"column":9}},"11":{"start":{"line":12,"column":0},"end":{"line":12,"column":6}},"12":{"start":{"line":13,"column":0},"end":{"line":13,"column":20}},"13":{"start":{"line":14,"column":0},"end":{"line":14,"column":6}},"14":{"start":{"line":15,"column":0},"end":{"line":15,"column":1}},"15":{"start":{"line":16,"column":0},"end":{"line":16,"column":0}},"16":{"start":{"line":17,"column":0},"end":{"line":17,"column":24}},"17":{"start":{"line":18,"column":0},"end":{"line":18,"column":25}},"18":{"start":{"line":19,"column":0},"end":{"line":19,"column":54}},"19":{"start":{"line":20,"column":0},"end":{"line":20,"column":34}},"20":{"start":{"line":21,"column":0},"end":{"line":21,"column":22}},"21":{"start":{"line":22,"column":0},"end":{"line":22,"column":53}},"22":{"start":{"line":23,"column":0},"end":{"line":23,"column":7}},"23":{"start":{"line":24,"column":0},"end":{"line":24,"column":0}},"24":{"start":{"line":25,"column":0},"end":{"line":25,"column":22}},"25":{"start":{"line":26,"column":0},"end":{"line":26,"column":37}},"26":{"start":{"line":27,"column":0},"end":{"line":27,"column":7}},"27":{"start":{"line":28,"column":0},"end":{"line":28,"column":5}},"28":{"start":{"line":29,"column":0},"end":{"line":29,"column":1}}},"s":{"0":1,"1":1,"2":1,"3":1,"4":1,"5":1,"6":1,"7":1,"8":1,"9":1,"10":1,"11":1,"12":1,"13":1,"14":1,"15":1,"16":1,"17":1,"18":1,"19":1,"20":1,"21":1,"22":1,"23":1,"24":1,"25":1,"26":1,"27":1,"28":1},"branchMap":{"0":{"type":"branch","line":4,"loc":{"start":{"line":4,"column":0},"end":{"line":8,"column":1}},"locations":[{"start":{"line":4,"column":0},"end":{"line":8,"column":1}}]},"1":{"type":"branch","line":10,"loc":{"start":{"line":10,"column":0},"end":{"line":15,"column":1}},"locations":[{"start":{"line":10,"column":0},"end":{"line":15,"column":1}}]},"2":{"type":"branch","line":20,"loc":{"start":{"line":20,"column":27},"end":{"line":28,"column":3}},"locations":[{"start":{"line":20,"column":27},"end":{"line":28,"column":3}}]},"3":{"type":"branch","line":21,"loc":{"start":{"line":21,"column":15},"end":{"line":23,"column":5}},"locations":[{"start":{"line":21,"column":15},"end":{"line":23,"column":5}}]},"4":{"type":"branch","line":25,"loc":{"start":{"line":25,"column":15},"end":{"line":27,"column":5}},"locations":[{"start":{"line":25,"column":15},"end":{"line":27,"column":5}}]}},"b":{"0":[1],"1":[1],"2":[1],"3":[1],"4":[1]},"fnMap":{"0":{"name":"foo1","decl":{"start":{"line":4,"column":0},"end":{"line":8,"column":1}},"loc":{"start":{"line":4,"column":0},"end":{"line":8,"column":1}},"line":4},"1":{"name":"foo2","decl":{"start":{"line":10,"column":0},"end":{"line":15,"column":1}},"loc":{"start":{"line":10,"column":0},"end":{"line":15,"column":1}},"line":10}},"f":{"0":1,"1":1}}
,"/Users/nikitadurnev/Desktop/Developing/Tasks/task1/testing/src/task3.js": {"path":"/Users/nikitadurnev/Desktop/Developing/Tasks/task1/testing/src/task3.js","all":false,"statementMap":{"0":{"start":{"line":1,"column":0},"end":{"line":1,"column":41}},"1":{"start":{"line":2,"column":0},"end":{"line":2,"column":0}},"2":{"start":{"line":3,"column":0},"end":{"line":3,"column":21}},"3":{"start":{"line":4,"column":0},"end":{"line":4,"column":26}},"4":{"start":{"line":5,"column":0},"end":{"line":5,"column":34}},"5":{"start":{"line":6,"column":0},"end":{"line":6,"column":30}},"6":{"start":{"line":7,"column":0},"end":{"line":7,"column":2}},"7":{"start":{"line":8,"column":0},"end":{"line":8,"column":0}},"8":{"start":{"line":9,"column":0},"end":{"line":9,"column":24}},"9":{"start":{"line":10,"column":0},"end":{"line":10,"column":25}},"10":{"start":{"line":11,"column":0},"end":{"line":11,"column":58}},"11":{"start":{"line":12,"column":0},"end":{"line":12,"column":49}},"12":{"start":{"line":13,"column":0},"end":{"line":13,"column":27}},"13":{"start":{"line":14,"column":0},"end":{"line":14,"column":29}},"14":{"start":{"line":15,"column":0},"end":{"line":15,"column":19}},"15":{"start":{"line":16,"column":0},"end":{"line":16,"column":0}},"16":{"start":{"line":17,"column":0},"end":{"line":17,"column":46}},"17":{"start":{"line":18,"column":0},"end":{"line":18,"column":0}},"18":{"start":{"line":19,"column":0},"end":{"line":19,"column":51}},"19":{"start":{"line":20,"column":0},"end":{"line":20,"column":0}},"20":{"start":{"line":21,"column":0},"end":{"line":21,"column":49}},"21":{"start":{"line":22,"column":0},"end":{"line":22,"column":0}},"22":{"start":{"line":23,"column":0},"end":{"line":23,"column":27}},"23":{"start":{"line":24,"column":0},"end":{"line":24,"column":7}},"24":{"start":{"line":25,"column":0},"end":{"line":25,"column":5}},"25":{"start":{"line":26,"column":0},"end":{"line":26,"column":1}}},"s":{"0":1,"1":1,"2":1,"3":1,"4":1,"5":1,"6":1,"7":1,"8":1,"9":1,"10":1,"11":1,"12":1,"13":1,"14":1,"15":1,"16":1,"17":1,"18":1,"19":1,"20":1,"21":1,"22":1,"23":1,"24":1,"25":1},"branchMap":{"0":{"type":"branch","line":4,"loc":{"start":{"line":4,"column":19},"end":{"line":7,"column":2}},"locations":[{"start":{"line":4,"column":19},"end":{"line":7,"column":2}}]},"1":{"type":"branch","line":5,"loc":{"start":{"line":5,"column":22},"end":{"line":5,"column":32}},"locations":[{"start":{"line":5,"column":22},"end":{"line":5,"column":32}}]},"2":{"type":"branch","line":13,"loc":{"start":{"line":13,"column":20},"end":{"line":25,"column":3}},"locations":[{"start":{"line":13,"column":20},"end":{"line":25,"column":3}}]},"3":{"type":"branch","line":14,"loc":{"start":{"line":14,"column":22},"end":{"line":24,"column":5}},"locations":[{"start":{"line":14,"column":22},"end":{"line":24,"column":5}}]}},"b":{"0":[1],"1":[0],"2":[1],"3":[1]},"fnMap":{"0":{"name":"consoleLog","decl":{"start":{"line":4,"column":19},"end":{"line":7,"column":2}},"loc":{"start":{"line":4,"column":19},"end":{"line":7,"column":2}},"line":4}},"f":{"0":1}}
,"/Users/nikitadurnev/Desktop/Developing/Tasks/task1/testing/src/task4.js": {"path":"/Users/nikitadurnev/Desktop/Developing/Tasks/task1/testing/src/task4.js","all":false,"statementMap":{"0":{"start":{"line":1,"column":0},"end":{"line":1,"column":19}},"1":{"start":{"line":2,"column":0},"end":{"line":2,"column":0}},"2":{"start":{"line":3,"column":0},"end":{"line":3,"column":21}},"3":{"start":{"line":4,"column":0},"end":{"line":4,"column":31}},"4":{"start":{"line":5,"column":0},"end":{"line":5,"column":0}},"5":{"start":{"line":6,"column":0},"end":{"line":6,"column":24}},"6":{"start":{"line":7,"column":0},"end":{"line":7,"column":25}},"7":{"start":{"line":8,"column":0},"end":{"line":8,"column":54}},"8":{"start":{"line":9,"column":0},"end":{"line":9,"column":28}},"9":{"start":{"line":10,"column":0},"end":{"line":10,"column":23}},"10":{"start":{"line":11,"column":0},"end":{"line":11,"column":44}},"11":{"start":{"line":12,"column":0},"end":{"line":12,"column":44}},"12":{"start":{"line":13,"column":0},"end":{"line":13,"column":40}},"13":{"start":{"line":14,"column":0},"end":{"line":14,"column":7}},"14":{"start":{"line":15,"column":0},"end":{"line":15,"column":5}},"15":{"start":{"line":16,"column":0},"end":{"line":16,"column":1}}},"s":{"0":1,"1":1,"2":1,"3":1,"4":1,"5":1,"6":1,"7":1,"8":1,"9":1,"10":1,"11":1,"12":1,"13":1,"14":1,"15":1},"branchMap":{"0":{"type":"branch","line":4,"loc":{"start":{"line":4,"column":15},"end":{"line":4,"column":30}},"locations":[{"start":{"line":4,"column":15},"end":{"line":4,"column":30}}]},"1":{"type":"branch","line":9,"loc":{"start":{"line":9,"column":21},"end":{"line":15,"column":3}},"locations":[{"start":{"line":9,"column":21},"end":{"line":15,"column":3}}]},"2":{"type":"branch","line":10,"loc":{"start":{"line":10,"column":16},"end":{"line":14,"column":5}},"locations":[{"start":{"line":10,"column":16},"end":{"line":14,"column":5}}]}},"b":{"0":[3],"1":[1],"2":[1]},"fnMap":{"0":{"name":"concat","decl":{"start":{"line":4,"column":15},"end":{"line":4,"column":30}},"loc":{"start":{"line":4,"column":15},"end":{"line":4,"column":30}},"line":4}},"f":{"0":3}}
,"/Users/nikitadurnev/Desktop/Developing/Tasks/task1/testing/src/task5.js": {"path":"/Users/nikitadurnev/Desktop/Developing/Tasks/task1/testing/src/task5.js","all":false,"statementMap":{"0":{"start":{"line":1,"column":0},"end":{"line":1,"column":44}},"1":{"start":{"line":2,"column":0},"end":{"line":2,"column":0}},"2":{"start":{"line":3,"column":0},"end":{"line":3,"column":21}},"3":{"start":{"line":4,"column":0},"end":{"line":4,"column":29}},"4":{"start":{"line":5,"column":0},"end":{"line":5,"column":26}},"5":{"start":{"line":6,"column":0},"end":{"line":6,"column":2}},"6":{"start":{"line":7,"column":0},"end":{"line":7,"column":0}},"7":{"start":{"line":8,"column":0},"end":{"line":8,"column":24}},"8":{"start":{"line":9,"column":0},"end":{"line":9,"column":25}},"9":{"start":{"line":10,"column":0},"end":{"line":10,"column":58}},"10":{"start":{"line":11,"column":0},"end":{"line":11,"column":28}},"11":{"start":{"line":12,"column":0},"end":{"line":12,"column":35}},"12":{"start":{"line":13,"column":0},"end":{"line":13,"column":53}},"13":{"start":{"line":14,"column":0},"end":{"line":14,"column":28}},"14":{"start":{"line":15,"column":0},"end":{"line":15,"column":49}},"15":{"start":{"line":16,"column":0},"end":{"line":16,"column":0}},"16":{"start":{"line":17,"column":0},"end":{"line":17,"column":27}},"17":{"start":{"line":18,"column":0},"end":{"line":18,"column":7}},"18":{"start":{"line":19,"column":0},"end":{"line":19,"column":32}},"19":{"start":{"line":20,"column":0},"end":{"line":20,"column":53}},"20":{"start":{"line":21,"column":0},"end":{"line":21,"column":22}},"21":{"start":{"line":22,"column":0},"end":{"line":22,"column":48}},"22":{"start":{"line":23,"column":0},"end":{"line":23,"column":0}},"23":{"start":{"line":24,"column":0},"end":{"line":24,"column":27}},"24":{"start":{"line":25,"column":0},"end":{"line":25,"column":7}},"25":{"start":{"line":26,"column":0},"end":{"line":26,"column":5}},"26":{"start":{"line":27,"column":0},"end":{"line":27,"column":1}}},"s":{"0":1,"1":1,"2":1,"3":1,"4":2,"5":2,"6":1,"7":1,"8":1,"9":1,"10":1,"11":1,"12":1,"13":1,"14":1,"15":1,"16":1,"17":1,"18":1,"19":1,"20":1,"21":1,"22":1,"23":1,"24":1,"25":1,"26":1},"branchMap":{"0":{"type":"branch","line":4,"loc":{"start":{"line":4,"column":15},"end":{"line":6,"column":2}},"locations":[{"start":{"line":4,"column":15},"end":{"line":6,"column":2}}]},"1":{"type":"branch","line":11,"loc":{"start":{"line":11,"column":21},"end":{"line":26,"column":3}},"locations":[{"start":{"line":11,"column":21},"end":{"line":26,"column":3}}]},"2":{"type":"branch","line":12,"loc":{"start":{"line":12,"column":28},"end":{"line":18,"column":5}},"locations":[{"start":{"line":12,"column":28},"end":{"line":18,"column":5}}]},"3":{"type":"branch","line":19,"loc":{"start":{"line":19,"column":25},"end":{"line":25,"column":5}},"locations":[{"start":{"line":19,"column":25},"end":{"line":25,"column":5}}]}},"b":{"0":[2],"1":[1],"2":[1],"3":[1]},"fnMap":{"0":{"name":"logger","decl":{"start":{"line":4,"column":15},"end":{"line":6,"column":2}},"loc":{"start":{"line":4,"column":15},"end":{"line":6,"column":2}},"line":4}},"f":{"0":2}}
,"/Users/nikitadurnev/Desktop/Developing/Tasks/task1/testing/src/task6.js": {"path":"/Users/nikitadurnev/Desktop/Developing/Tasks/task1/testing/src/task6.js","all":false,"statementMap":{"0":{"start":{"line":1,"column":0},"end":{"line":1,"column":31}},"1":{"start":{"line":2,"column":0},"end":{"line":2,"column":0}},"2":{"start":{"line":3,"column":0},"end":{"line":3,"column":21}},"3":{"start":{"line":4,"column":0},"end":{"line":4,"column":23}},"4":{"start":{"line":5,"column":0},"end":{"line":5,"column":11}},"5":{"start":{"line":6,"column":0},"end":{"line":6,"column":24}},"6":{"start":{"line":7,"column":0},"end":{"line":7,"column":3}},"7":{"start":{"line":8,"column":0},"end":{"line":8,"column":15}},"8":{"start":{"line":9,"column":0},"end":{"line":9,"column":2}},"9":{"start":{"line":10,"column":0},"end":{"line":10,"column":0}},"10":{"start":{"line":11,"column":0},"end":{"line":11,"column":24}},"11":{"start":{"line":12,"column":0},"end":{"line":12,"column":25}},"12":{"start":{"line":13,"column":0},"end":{"line":13,"column":54}},"13":{"start":{"line":14,"column":0},"end":{"line":14,"column":25}},"14":{"start":{"line":15,"column":0},"end":{"line":15,"column":25}},"15":{"start":{"line":16,"column":0},"end":{"line":16,"column":32}},"16":{"start":{"line":17,"column":0},"end":{"line":17,"column":34}},"17":{"start":{"line":18,"column":0},"end":{"line":18,"column":36}},"18":{"start":{"line":19,"column":0},"end":{"line":19,"column":7}},"19":{"start":{"line":20,"column":0},"end":{"line":20,"column":23}},"20":{"start":{"line":21,"column":0},"end":{"line":21,"column":32}},"21":{"start":{"line":22,"column":0},"end":{"line":22,"column":34}},"22":{"start":{"line":23,"column":0},"end":{"line":23,"column":36}},"23":{"start":{"line":24,"column":0},"end":{"line":24,"column":7}},"24":{"start":{"line":25,"column":0},"end":{"line":25,"column":5}},"25":{"start":{"line":26,"column":0},"end":{"line":26,"column":1}}},"s":{"0":1,"1":1,"2":1,"3":1,"4":6,"5":3,"6":3,"7":3,"8":3,"9":1,"10":1,"11":1,"12":1,"13":1,"14":1,"15":1,"16":1,"17":1,"18":1,"19":1,"20":1,"21":1,"22":1,"23":1,"24":1,"25":1},"branchMap":{"0":{"type":"branch","line":4,"loc":{"start":{"line":4,"column":12},"end":{"line":9,"column":2}},"locations":[{"start":{"line":4,"column":12},"end":{"line":9,"column":2}}]},"1":{"type":"branch","line":5,"loc":{"start":{"line":5,"column":10},"end":{"line":9,"column":2}},"locations":[{"start":{"line":5,"column":10},"end":{"line":9,"column":2}}]},"2":{"type":"branch","line":6,"loc":{"start":{"line":6,"column":11},"end":{"line":6,"column":23}},"locations":[{"start":{"line":6,"column":11},"end":{"line":6,"column":23}}]},"3":{"type":"branch","line":14,"loc":{"start":{"line":14,"column":18},"end":{"line":25,"column":3}},"locations":[{"start":{"line":14,"column":18},"end":{"line":25,"column":3}}]},"4":{"type":"branch","line":15,"loc":{"start":{"line":15,"column":18},"end":{"line":19,"column":5}},"locations":[{"start":{"line":15,"column":18},"end":{"line":19,"column":5}}]},"5":{"type":"branch","line":20,"loc":{"start":{"line":20,"column":16},"end":{"line":24,"column":5}},"locations":[{"start":{"line":20,"column":16},"end":{"line":24,"column":5}}]}},"b":{"0":[6],"1":[3],"2":[3],"3":[1],"4":[1],"5":[1]},"fnMap":{"0":{"name":"add","decl":{"start":{"line":4,"column":12},"end":{"line":9,"column":2}},"loc":{"start":{"line":4,"column":12},"end":{"line":9,"column":2}},"line":4}},"f":{"0":6}}
,"/Users/nikitadurnev/Desktop/Developing/Tasks/task1/testing/src/task7.js": {"path":"/Users/nikitadurnev/Desktop/Developing/Tasks/task1/testing/src/task7.js","all":false,"statementMap":{"0":{"start":{"line":1,"column":0},"end":{"line":1,"column":25}},"1":{"start":{"line":2,"column":0},"end":{"line":2,"column":0}},"2":{"start":{"line":3,"column":0},"end":{"line":3,"column":21}},"3":{"start":{"line":4,"column":0},"end":{"line":4,"column":70}},"4":{"start":{"line":5,"column":0},"end":{"line":5,"column":0}},"5":{"start":{"line":6,"column":0},"end":{"line":6,"column":23}},"6":{"start":{"line":7,"column":0},"end":{"line":7,"column":25}},"7":{"start":{"line":8,"column":0},"end":{"line":8,"column":54}},"8":{"start":{"line":9,"column":0},"end":{"line":9,"column":35}},"9":{"start":{"line":10,"column":0},"end":{"line":10,"column":23}},"10":{"start":{"line":11,"column":0},"end":{"line":11,"column":75}},"11":{"start":{"line":12,"column":0},"end":{"line":12,"column":63}},"12":{"start":{"line":13,"column":0},"end":{"line":13,"column":57}},"13":{"start":{"line":14,"column":0},"end":{"line":14,"column":30}},"14":{"start":{"line":15,"column":0},"end":{"line":15,"column":8}},"15":{"start":{"line":16,"column":0},"end":{"line":16,"column":7}},"16":{"start":{"line":17,"column":0},"end":{"line":17,"column":5}},"17":{"start":{"line":18,"column":0},"end":{"line":18,"column":1}}},"s":{"0":1,"1":1,"2":1,"3":1,"4":1,"5":1,"6":1,"7":1,"8":1,"9":1,"10":1,"11":1,"12":1,"13":1,"14":1,"15":1,"16":1,"17":1},"branchMap":{"0":{"type":"branch","line":4,"loc":{"start":{"line":4,"column":22},"end":{"line":4,"column":69}},"locations":[{"start":{"line":4,"column":22},"end":{"line":4,"column":69}}]},"1":{"type":"branch","line":9,"loc":{"start":{"line":9,"column":28},"end":{"line":17,"column":3}},"locations":[{"start":{"line":9,"column":28},"end":{"line":17,"column":3}}]},"2":{"type":"branch","line":10,"loc":{"start":{"line":10,"column":16},"end":{"line":16,"column":5}},"locations":[{"start":{"line":10,"column":16},"end":{"line":16,"column":5}}]}},"b":{"0":[3],"1":[1],"2":[1]},"fnMap":{"0":{"name":"reverseString","decl":{"start":{"line":4,"column":22},"end":{"line":4,"column":69}},"loc":{"start":{"line":4,"column":22},"end":{"line":4,"column":69}},"line":4}},"f":{"0":3}}
,"/Users/nikitadurnev/Desktop/Developing/Tasks/task1/testing/src/task8.js": {"path":"/Users/nikitadurnev/Desktop/Developing/Tasks/task1/testing/src/task8.js","all":false,"statementMap":{"0":{"start":{"line":1,"column":0},"end":{"line":1,"column":34}},"1":{"start":{"line":2,"column":0},"end":{"line":2,"column":0}},"2":{"start":{"line":3,"column":0},"end":{"line":3,"column":24}},"3":{"start":{"line":4,"column":0},"end":{"line":4,"column":64}},"4":{"start":{"line":5,"column":0},"end":{"line":5,"column":0}},"5":{"start":{"line":6,"column":0},"end":{"line":6,"column":24}},"6":{"start":{"line":7,"column":0},"end":{"line":7,"column":25}},"7":{"start":{"line":8,"column":0},"end":{"line":8,"column":54}},"8":{"start":{"line":9,"column":0},"end":{"line":9,"column":36}},"9":{"start":{"line":10,"column":0},"end":{"line":10,"column":21}},"10":{"start":{"line":11,"column":0},"end":{"line":11,"column":43}},"11":{"start":{"line":12,"column":0},"end":{"line":12,"column":7}},"12":{"start":{"line":13,"column":0},"end":{"line":13,"column":5}},"13":{"start":{"line":14,"column":0},"end":{"line":14,"column":1}}},"s":{"0":1,"1":1,"2":1,"3":1,"4":1,"5":1,"6":1,"7":1,"8":1,"9":1,"10":1,"11":1,"12":1,"13":1},"branchMap":{"0":{"type":"branch","line":4,"loc":{"start":{"line":4,"column":23},"end":{"line":4,"column":63}},"locations":[{"start":{"line":4,"column":23},"end":{"line":4,"column":63}}]},"1":{"type":"branch","line":9,"loc":{"start":{"line":9,"column":29},"end":{"line":13,"column":3}},"locations":[{"start":{"line":9,"column":29},"end":{"line":13,"column":3}}]},"2":{"type":"branch","line":10,"loc":{"start":{"line":10,"column":14},"end":{"line":12,"column":5}},"locations":[{"start":{"line":10,"column":14},"end":{"line":12,"column":5}}]}},"b":{"0":[1],"1":[1],"2":[1]},"fnMap":{"0":{"name":"windowProperty","decl":{"start":{"line":4,"column":23},"end":{"line":4,"column":63}},"loc":{"start":{"line":4,"column":23},"end":{"line":4,"column":63}},"line":4}},"f":{"0":1}}
,"/Users/nikitadurnev/Desktop/Developing/Tasks/task1/testing/src/task9.js": {"path":"/Users/nikitadurnev/Desktop/Developing/Tasks/task1/testing/src/task9.js","all":false,"statementMap":{"0":{"start":{"line":1,"column":0},"end":{"line":1,"column":46}},"1":{"start":{"line":2,"column":0},"end":{"line":2,"column":0}},"2":{"start":{"line":3,"column":0},"end":{"line":3,"column":24}},"3":{"start":{"line":4,"column":0},"end":{"line":4,"column":25}},"4":{"start":{"line":5,"column":0},"end":{"line":5,"column":20}},"5":{"start":{"line":6,"column":0},"end":{"line":6,"column":16}},"6":{"start":{"line":7,"column":0},"end":{"line":7,"column":23}},"7":{"start":{"line":8,"column":0},"end":{"line":8,"column":21}},"8":{"start":{"line":9,"column":0},"end":{"line":9,"column":7}},"9":{"start":{"line":10,"column":0},"end":{"line":10,"column":19}},"10":{"start":{"line":11,"column":0},"end":{"line":11,"column":2}},"11":{"start":{"line":12,"column":0},"end":{"line":12,"column":0}},"12":{"start":{"line":13,"column":0},"end":{"line":13,"column":24}},"13":{"start":{"line":14,"column":0},"end":{"line":14,"column":25}},"14":{"start":{"line":15,"column":0},"end":{"line":15,"column":58}},"15":{"start":{"line":16,"column":0},"end":{"line":16,"column":45}},"16":{"start":{"line":17,"column":0},"end":{"line":17,"column":31}},"17":{"start":{"line":18,"column":0},"end":{"line":18,"column":23}},"18":{"start":{"line":19,"column":0},"end":{"line":19,"column":11}},"19":{"start":{"line":20,"column":0},"end":{"line":20,"column":20}},"20":{"start":{"line":21,"column":0},"end":{"line":21,"column":50}},"21":{"start":{"line":22,"column":0},"end":{"line":22,"column":61}},"22":{"start":{"line":23,"column":0},"end":{"line":23,"column":23}},"23":{"start":{"line":24,"column":0},"end":{"line":24,"column":44}},"24":{"start":{"line":25,"column":0},"end":{"line":25,"column":57}},"25":{"start":{"line":26,"column":0},"end":{"line":26,"column":7}},"26":{"start":{"line":27,"column":0},"end":{"line":27,"column":7}},"27":{"start":{"line":28,"column":0},"end":{"line":28,"column":5}},"28":{"start":{"line":29,"column":0},"end":{"line":29,"column":1}}},"s":{"0":1,"1":1,"2":1,"3":1,"4":1,"5":1,"6":1,"7":1,"8":1,"9":1,"10":1,"11":1,"12":1,"13":1,"14":1,"15":1,"16":1,"17":1,"18":1,"19":1,"20":1,"21":1,"22":1,"23":1,"24":1,"25":1,"26":1,"27":1,"28":1},"branchMap":{"0":{"type":"branch","line":4,"loc":{"start":{"line":4,"column":18},"end":{"line":11,"column":2}},"locations":[{"start":{"line":4,"column":18},"end":{"line":11,"column":2}}]},"1":{"type":"branch","line":6,"loc":{"start":{"line":6,"column":3},"end":{"line":9,"column":3}},"locations":[{"start":{"line":6,"column":3},"end":{"line":9,"column":3}}]},"2":{"type":"branch","line":17,"loc":{"start":{"line":17,"column":24},"end":{"line":28,"column":3}},"locations":[{"start":{"line":17,"column":24},"end":{"line":28,"column":3}}]},"3":{"type":"branch","line":18,"loc":{"start":{"line":18,"column":16},"end":{"line":27,"column":5}},"locations":[{"start":{"line":18,"column":16},"end":{"line":27,"column":5}}]}},"b":{"0":[1],"1":[1],"2":[1],"3":[1]},"fnMap":{"0":{"name":"showAlert","decl":{"start":{"line":4,"column":18},"end":{"line":11,"column":2}},"loc":{"start":{"line":4,"column":18},"end":{"line":11,"column":2}},"line":4}},"f":{"0":1}}
,"/Users/nikitadurnev/Desktop/Developing/Tasks/task1/testing/src/task12/task12.js": {"path":"/Users/nikitadurnev/Desktop/Developing/Tasks/task1/testing/src/task12/task12.js","all":false,"statementMap":{"0":{"start":{"line":1,"column":0},"end":{"line":1,"column":37}},"1":{"start":{"line":2,"column":0},"end":{"line":2,"column":0}},"2":{"start":{"line":3,"column":0},"end":{"line":3,"column":27}},"3":{"start":{"line":4,"column":0},"end":{"line":4,"column":21}},"4":{"start":{"line":5,"column":0},"end":{"line":5,"column":26}},"5":{"start":{"line":6,"column":0},"end":{"line":6,"column":23}},"6":{"start":{"line":7,"column":0},"end":{"line":7,"column":8}},"7":{"start":{"line":8,"column":0},"end":{"line":8,"column":38}},"8":{"start":{"line":9,"column":0},"end":{"line":9,"column":25}},"9":{"start":{"line":10,"column":0},"end":{"line":10,"column":5}},"10":{"start":{"line":11,"column":0},"end":{"line":11,"column":22}},"11":{"start":{"line":12,"column":0},"end":{"line":12,"column":2}},"12":{"start":{"line":13,"column":0},"end":{"line":13,"column":0}},"13":{"start":{"line":14,"column":0},"end":{"line":14,"column":27}}},"s":{"0":1,"1":1,"2":1,"3":1,"4":1,"5":1,"6":1,"7":1,"8":1,"9":1,"10":1,"11":1,"12":1,"13":1},"branchMap":{"0":{"type":"branch","line":3,"loc":{"start":{"line":3,"column":20},"end":{"line":12,"column":2}},"locations":[{"start":{"line":3,"column":20},"end":{"line":12,"column":2}}]},"1":{"type":"branch","line":5,"loc":{"start":{"line":5,"column":13},"end":{"line":7,"column":3}},"locations":[{"start":{"line":5,"column":13},"end":{"line":7,"column":3}}]},"2":{"type":"branch","line":8,"loc":{"start":{"line":8,"column":25},"end":{"line":10,"column":3}},"locations":[{"start":{"line":8,"column":25},"end":{"line":10,"column":3}}]}},"b":{"0":[1],"1":[1],"2":[1]},"fnMap":{"0":{"name":"asyncLogger","decl":{"start":{"line":3,"column":20},"end":{"line":12,"column":2}},"loc":{"start":{"line":3,"column":20},"end":{"line":12,"column":2}},"line":3}},"f":{"0":1}}
,"/Users/nikitadurnev/Desktop/Developing/Tasks/task1/testing/src/task13/task13.js": {"path":"/Users/nikitadurnev/Desktop/Developing/Tasks/task1/testing/src/task13/task13.js","all":false,"statementMap":{"0":{"start":{"line":1,"column":0},"end":{"line":1,"column":53}},"1":{"start":{"line":2,"column":0},"end":{"line":2,"column":0}},"2":{"start":{"line":3,"column":0},"end":{"line":3,"column":27}},"3":{"start":{"line":4,"column":0},"end":{"line":4,"column":43}},"4":{"start":{"line":5,"column":0},"end":{"line":5,"column":22}},"5":{"start":{"line":6,"column":0},"end":{"line":6,"column":26}},"6":{"start":{"line":7,"column":0},"end":{"line":7,"column":13}},"7":{"start":{"line":8,"column":0},"end":{"line":8,"column":5}},"8":{"start":{"line":9,"column":0},"end":{"line":9,"column":2}},"9":{"start":{"line":10,"column":0},"end":{"line":10,"column":0}},"10":{"start":{"line":11,"column":0},"end":{"line":11,"column":37}},"11":{"start":{"line":12,"column":0},"end":{"line":12,"column":59}},"12":{"start":{"line":13,"column":0},"end":{"line":13,"column":2}},"13":{"start":{"line":14,"column":0},"end":{"line":14,"column":0}},"14":{"start":{"line":15,"column":0},"end":{"line":15,"column":37}},"15":{"start":{"line":16,"column":0},"end":{"line":16,"column":22}},"16":{"start":{"line":17,"column":0},"end":{"line":17,"column":23}},"17":{"start":{"line":18,"column":0},"end":{"line":18,"column":31}},"18":{"start":{"line":19,"column":0},"end":{"line":19,"column":6}},"19":{"start":{"line":20,"column":0},"end":{"line":20,"column":30}},"20":{"start":{"line":21,"column":0},"end":{"line":21,"column":2}},"21":{"start":{"line":22,"column":0},"end":{"line":22,"column":0}},"22":{"start":{"line":23,"column":0},"end":{"line":23,"column":37}},"23":{"start":{"line":24,"column":0},"end":{"line":24,"column":22}},"24":{"start":{"line":25,"column":0},"end":{"line":25,"column":23}},"25":{"start":{"line":26,"column":0},"end":{"line":26,"column":24}},"26":{"start":{"line":27,"column":0},"end":{"line":27,"column":6}},"27":{"start":{"line":28,"column":0},"end":{"line":28,"column":30}},"28":{"start":{"line":29,"column":0},"end":{"line":29,"column":2}},"29":{"start":{"line":30,"column":0},"end":{"line":30,"column":0}},"30":{"start":{"line":31,"column":0},"end":{"line":31,"column":37}},"31":{"start":{"line":32,"column":0},"end":{"line":32,"column":47}},"32":{"start":{"line":33,"column":0},"end":{"line":33,"column":2}},"33":{"start":{"line":34,"column":0},"end":{"line":34,"column":0}},"34":{"start":{"line":35,"column":0},"end":{"line":35,"column":37}},"35":{"start":{"line":36,"column":0},"end":{"line":36,"column":22}},"36":{"start":{"line":37,"column":0},"end":{"line":37,"column":26}},"37":{"start":{"line":38,"column":0},"end":{"line":38,"column":30}},"38":{"start":{"line":39,"column":0},"end":{"line":39,"column":2}}},"s":{"0":1,"1":1,"2":1,"3":4,"4":4,"5":4,"6":4,"7":4,"8":4,"9":1,"10":1,"11":4,"12":4,"13":1,"14":1,"15":1,"16":1,"17":1,"18":1,"19":1,"20":1,"21":1,"22":1,"23":1,"24":1,"25":1,"26":1,"27":1,"28":1,"29":1,"30":1,"31":1,"32":1,"33":1,"34":1,"35":1,"36":1,"37":1,"38":1},"branchMap":{"0":{"type":"branch","line":3,"loc":{"start":{"line":3,"column":20},"end":{"line":9,"column":2}},"locations":[{"start":{"line":3,"column":20},"end":{"line":9,"column":2}}]},"1":{"type":"branch","line":4,"loc":{"start":{"line":4,"column":21},"end":{"line":8,"column":3}},"locations":[{"start":{"line":4,"column":21},"end":{"line":8,"column":3}}]},"2":{"type":"branch","line":5,"loc":{"start":{"line":5,"column":15},"end":{"line":7,"column":5}},"locations":[{"start":{"line":5,"column":15},"end":{"line":7,"column":5}}]},"3":{"type":"branch","line":11,"loc":{"start":{"line":11,"column":24},"end":{"line":13,"column":2}},"locations":[{"start":{"line":11,"column":24},"end":{"line":13,"column":2}}]},"4":{"type":"branch","line":12,"loc":{"start":{"line":12,"column":16},"end":{"line":12,"column":36}},"locations":[{"start":{"line":12,"column":16},"end":{"line":12,"column":36}}]},"5":{"type":"branch","line":12,"loc":{"start":{"line":12,"column":37},"end":{"line":12,"column":58}},"locations":[{"start":{"line":12,"column":37},"end":{"line":12,"column":58}}]},"6":{"type":"branch","line":15,"loc":{"start":{"line":15,"column":24},"end":{"line":21,"column":2}},"locations":[{"start":{"line":15,"column":24},"end":{"line":21,"column":2}}]},"7":{"type":"branch","line":17,"loc":{"start":{"line":17,"column":10},"end":{"line":19,"column":5}},"locations":[{"start":{"line":17,"column":10},"end":{"line":19,"column":5}}]},"8":{"type":"branch","line":20,"loc":{"start":{"line":20,"column":10},"end":{"line":20,"column":28}},"locations":[{"start":{"line":20,"column":10},"end":{"line":20,"column":28}}]},"9":{"type":"branch","line":23,"loc":{"start":{"line":23,"column":24},"end":{"line":29,"column":2}},"locations":[{"start":{"line":23,"column":24},"end":{"line":29,"column":2}}]},"10":{"type":"branch","line":25,"loc":{"start":{"line":25,"column":10},"end":{"line":27,"column":5}},"locations":[{"start":{"line":25,"column":10},"end":{"line":27,"column":5}}]},"11":{"type":"branch","line":28,"loc":{"start":{"line":28,"column":10},"end":{"line":28,"column":28}},"locations":[{"start":{"line":28,"column":10},"end":{"line":28,"column":28}}]},"12":{"type":"branch","line":31,"loc":{"start":{"line":31,"column":24},"end":{"line":33,"column":2}},"locations":[{"start":{"line":31,"column":24},"end":{"line":33,"column":2}}]},"13":{"type":"branch","line":35,"loc":{"start":{"line":35,"column":24},"end":{"line":39,"column":2}},"locations":[{"start":{"line":35,"column":24},"end":{"line":39,"column":2}}]},"14":{"type":"branch","line":38,"loc":{"start":{"line":38,"column":10},"end":{"line":38,"column":28}},"locations":[{"start":{"line":38,"column":10},"end":{"line":38,"column":28}}]}},"b":{"0":[4],"1":[4],"2":[4],"3":[4],"4":[1],"5":[3],"6":[1],"7":[1],"8":[1],"9":[1],"10":[1],"11":[1],"12":[1],"13":[1],"14":[1]},"fnMap":{"0":{"name":"doSomething","decl":{"start":{"line":3,"column":20},"end":{"line":9,"column":2}},"loc":{"start":{"line":3,"column":20},"end":{"line":9,"column":2}},"line":3},"1":{"name":"doSomethingElse","decl":{"start":{"line":11,"column":24},"end":{"line":13,"column":2}},"loc":{"start":{"line":11,"column":24},"end":{"line":13,"column":2}},"line":11},"2":{"name":"promise1","decl":{"start":{"line":15,"column":24},"end":{"line":21,"column":2}},"loc":{"start":{"line":15,"column":24},"end":{"line":21,"column":2}},"line":15},"3":{"name":"promise2","decl":{"start":{"line":23,"column":24},"end":{"line":29,"column":2}},"loc":{"start":{"line":23,"column":24},"end":{"line":29,"column":2}},"line":23},"4":{"name":"promise3","decl":{"start":{"line":31,"column":24},"end":{"line":33,"column":2}},"loc":{"start":{"line":31,"column":24},"end":{"line":33,"column":2}},"line":31},"5":{"name":"promise4","decl":{"start":{"line":35,"column":24},"end":{"line":39,"column":2}},"loc":{"start":{"line":35,"column":24},"end":{"line":39,"column":2}},"line":35}},"f":{"0":4,"1":4,"2":1,"3":1,"4":1,"5":1}}
,"/Users/nikitadurnev/Desktop/Developing/Tasks/task1/testing/src/task2/task2.js": {"path":"/Users/nikitadurnev/Desktop/Developing/Tasks/task1/testing/src/task2/task2.js","all":false,"statementMap":{"0":{"start":{"line":1,"column":0},"end":{"line":1,"column":150}},"1":{"start":{"line":2,"column":0},"end":{"line":2,"column":0}},"2":{"start":{"line":3,"column":0},"end":{"line":3,"column":24}},"3":{"start":{"line":4,"column":0},"end":{"line":4,"column":34}},"4":{"start":{"line":5,"column":0},"end":{"line":5,"column":73}},"5":{"start":{"line":6,"column":0},"end":{"line":6,"column":3}},"6":{"start":{"line":7,"column":0},"end":{"line":7,"column":2}},"7":{"start":{"line":8,"column":0},"end":{"line":8,"column":0}},"8":{"start":{"line":9,"column":0},"end":{"line":9,"column":24}}},"s":{"0":1,"1":1,"2":1,"3":1,"4":100,"5":100,"6":1,"7":1,"8":1},"branchMap":{"0":{"type":"branch","line":3,"loc":{"start":{"line":3,"column":17},"end":{"line":7,"column":2}},"locations":[{"start":{"line":3,"column":17},"end":{"line":7,"column":2}}]},"1":{"type":"branch","line":4,"loc":{"start":{"line":4,"column":33},"end":{"line":6,"column":3}},"locations":[{"start":{"line":4,"column":33},"end":{"line":6,"column":3}}]},"2":{"type":"branch","line":5,"loc":{"start":{"line":5,"column":31},"end":{"line":5,"column":39}},"locations":[{"start":{"line":5,"column":31},"end":{"line":5,"column":39}}]},"3":{"type":"branch","line":5,"loc":{"start":{"line":5,"column":40},"end":{"line":5,"column":44}},"locations":[{"start":{"line":5,"column":40},"end":{"line":5,"column":44}}]},"4":{"type":"branch","line":5,"loc":{"start":{"line":5,"column":56},"end":{"line":5,"column":64}},"locations":[{"start":{"line":5,"column":56},"end":{"line":5,"column":64}}]},"5":{"type":"branch","line":5,"loc":{"start":{"line":5,"column":65},"end":{"line":5,"column":69}},"locations":[{"start":{"line":5,"column":65},"end":{"line":5,"column":69}}]}},"b":{"0":[1],"1":[100],"2":[33],"3":[67],"4":[20],"5":[80]},"fnMap":{"0":{"name":"fizzBuzz","decl":{"start":{"line":3,"column":17},"end":{"line":7,"column":2}},"loc":{"start":{"line":3,"column":17},"end":{"line":7,"column":2}},"line":3}},"f":{"0":1}}
}
