{"/Users/nikitadurnev/Desktop/Developing/Tasks/task1/testing/src/duplicate.js": {"path":"/Users/nikitadurnev/Desktop/Developing/Tasks/task1/testing/src/duplicate.js","all":false,"statementMap":{"0":{"start":{"line":1,"column":0},"end":{"line":1,"column":21}},"1":{"start":{"line":2,"column":0},"end":{"line":2,"column":75}},"2":{"start":{"line":3,"column":0},"end":{"line":3,"column":0}},"3":{"start":{"line":4,"column":0},"end":{"line":4,"column":24}},"4":{"start":{"line":5,"column":0},"end":{"line":5,"column":25}},"5":{"start":{"line":6,"column":0},"end":{"line":6,"column":44}},"6":{"start":{"line":7,"column":0},"end":{"line":7,"column":25}},"7":{"start":{"line":8,"column":0},"end":{"line":8,"column":54}},"8":{"start":{"line":9,"column":0},"end":{"line":9,"column":35}},"9":{"start":{"line":10,"column":0},"end":{"line":10,"column":7}},"10":{"start":{"line":11,"column":0},"end":{"line":11,"column":58}},"11":{"start":{"line":12,"column":0},"end":{"line":12,"column":67}},"12":{"start":{"line":13,"column":0},"end":{"line":13,"column":5}},"13":{"start":{"line":14,"column":0},"end":{"line":14,"column":1}},"14":{"start":{"line":15,"column":0},"end":{"line":15,"column":0}},"15":{"start":{"line":16,"column":0},"end":{"line":16,"column":34}}},"s":{"0":1,"1":1,"2":1,"3":1,"4":1,"5":1,"6":1,"7":1,"8":1,"9":1,"10":1,"11":1,"12":1,"13":1,"14":1,"15":1},"branchMap":{"0":{"type":"branch","line":2,"loc":{"start":{"line":2,"column":18},"end":{"line":2,"column":49}},"locations":[{"start":{"line":2,"column":18},"end":{"line":2,"column":49}}]},"1":{"type":"branch","line":7,"loc":{"start":{"line":7,"column":18},"end":{"line":13,"column":3}},"locations":[{"start":{"line":7,"column":18},"end":{"line":13,"column":3}}]}},"b":{"0":[4],"1":[1]},"fnMap":{"0":{"name":"duplicate","decl":{"start":{"line":2,"column":18},"end":{"line":2,"column":49}},"loc":{"start":{"line":2,"column":18},"end":{"line":2,"column":49}},"line":2}},"f":{"0":4}}
,"/Users/nikitadurnev/Desktop/Developing/Tasks/task1/testing/src/fizzbuzz.js": {"path":"/Users/nikitadurnev/Desktop/Developing/Tasks/task1/testing/src/fizzbuzz.js","all":false,"statementMap":{"0":{"start":{"line":1,"column":0},"end":{"line":1,"column":150}},"1":{"start":{"line":2,"column":0},"end":{"line":2,"column":0}},"2":{"start":{"line":3,"column":0},"end":{"line":3,"column":21}},"3":{"start":{"line":4,"column":0},"end":{"line":4,"column":31}},"4":{"start":{"line":5,"column":0},"end":{"line":5,"column":16}},"5":{"start":{"line":6,"column":0},"end":{"line":6,"column":34}},"6":{"start":{"line":7,"column":0},"end":{"line":7,"column":72}},"7":{"start":{"line":8,"column":0},"end":{"line":8,"column":32}},"8":{"start":{"line":9,"column":0},"end":{"line":9,"column":24}},"9":{"start":{"line":10,"column":0},"end":{"line":10,"column":3}},"10":{"start":{"line":11,"column":0},"end":{"line":11,"column":52}},"11":{"start":{"line":12,"column":0},"end":{"line":12,"column":2}},"12":{"start":{"line":13,"column":0},"end":{"line":13,"column":0}},"13":{"start":{"line":14,"column":0},"end":{"line":14,"column":19}},"14":{"start":{"line":15,"column":0},"end":{"line":15,"column":78}},"15":{"start":{"line":16,"column":0},"end":{"line":16,"column":29}},"16":{"start":{"line":17,"column":0},"end":{"line":17,"column":2}},"17":{"start":{"line":18,"column":0},"end":{"line":18,"column":0}},"18":{"start":{"line":19,"column":0},"end":{"line":19,"column":75}},"19":{"start":{"line":20,"column":0},"end":{"line":20,"column":0}},"20":{"start":{"line":21,"column":0},"end":{"line":21,"column":47}},"21":{"start":{"line":22,"column":0},"end":{"line":22,"column":0}},"22":{"start":{"line":23,"column":0},"end":{"line":23,"column":24}},"23":{"start":{"line":24,"column":0},"end":{"line":24,"column":25}},"24":{"start":{"line":25,"column":0},"end":{"line":25,"column":48}},"25":{"start":{"line":26,"column":0},"end":{"line":26,"column":28}},"26":{"start":{"line":27,"column":0},"end":{"line":27,"column":51}},"27":{"start":{"line":28,"column":0},"end":{"line":28,"column":15}},"28":{"start":{"line":29,"column":0},"end":{"line":29,"column":48}},"29":{"start":{"line":30,"column":0},"end":{"line":30,"column":0}},"30":{"start":{"line":31,"column":0},"end":{"line":31,"column":48}},"31":{"start":{"line":32,"column":0},"end":{"line":32,"column":0}},"32":{"start":{"line":33,"column":0},"end":{"line":33,"column":52}},"33":{"start":{"line":34,"column":0},"end":{"line":34,"column":0}},"34":{"start":{"line":35,"column":0},"end":{"line":35,"column":25}},"35":{"start":{"line":36,"column":0},"end":{"line":36,"column":5}},"36":{"start":{"line":37,"column":0},"end":{"line":37,"column":30}},"37":{"start":{"line":38,"column":0},"end":{"line":38,"column":41}},"38":{"start":{"line":39,"column":0},"end":{"line":39,"column":72}},"39":{"start":{"line":40,"column":0},"end":{"line":40,"column":6}},"40":{"start":{"line":41,"column":0},"end":{"line":41,"column":41}},"41":{"start":{"line":42,"column":0},"end":{"line":42,"column":72}},"42":{"start":{"line":43,"column":0},"end":{"line":43,"column":6}},"43":{"start":{"line":44,"column":0},"end":{"line":44,"column":56}},"44":{"start":{"line":45,"column":0},"end":{"line":45,"column":33}},"45":{"start":{"line":46,"column":0},"end":{"line":46,"column":6}},"46":{"start":{"line":47,"column":0},"end":{"line":47,"column":80}},"47":{"start":{"line":48,"column":0},"end":{"line":48,"column":80}},"48":{"start":{"line":49,"column":0},"end":{"line":49,"column":41}},"49":{"start":{"line":50,"column":0},"end":{"line":50,"column":55}},"50":{"start":{"line":51,"column":0},"end":{"line":51,"column":6}},"51":{"start":{"line":52,"column":0},"end":{"line":52,"column":5}},"52":{"start":{"line":53,"column":0},"end":{"line":53,"column":1}}},"s":{"0":1,"1":1,"2":1,"3":1,"4":4,"5":4,"6":400,"7":400,"8":400,"9":400,"10":4,"11":4,"12":1,"13":1,"14":1,"15":1,"16":1,"17":1,"18":1,"19":1,"20":1,"21":1,"22":1,"23":1,"24":1,"25":1,"26":1,"27":1,"28":1,"29":1,"30":1,"31":1,"32":1,"33":1,"34":1,"35":1,"36":1,"37":1,"38":1,"39":1,"40":1,"41":1,"42":1,"43":1,"44":47,"45":1,"46":1,"47":1,"48":1,"49":1,"50":1,"51":1,"52":1},"branchMap":{"0":{"type":"branch","line":4,"loc":{"start":{"line":4,"column":24},"end":{"line":12,"column":2}},"locations":[{"start":{"line":4,"column":24},"end":{"line":12,"column":2}}]},"1":{"type":"branch","line":6,"loc":{"start":{"line":6,"column":33},"end":{"line":10,"column":3}},"locations":[{"start":{"line":6,"column":33},"end":{"line":10,"column":3}}]},"2":{"type":"branch","line":7,"loc":{"start":{"line":7,"column":31},"end":{"line":7,"column":39}},"locations":[{"start":{"line":7,"column":31},"end":{"line":7,"column":39}}]},"3":{"type":"branch","line":7,"loc":{"start":{"line":7,"column":40},"end":{"line":7,"column":44}},"locations":[{"start":{"line":7,"column":40},"end":{"line":7,"column":44}}]},"4":{"type":"branch","line":7,"loc":{"start":{"line":7,"column":56},"end":{"line":7,"column":64}},"locations":[{"start":{"line":7,"column":56},"end":{"line":7,"column":64}}]},"5":{"type":"branch","line":7,"loc":{"start":{"line":7,"column":65},"end":{"line":7,"column":69}},"locations":[{"start":{"line":7,"column":65},"end":{"line":7,"column":69}}]},"6":{"type":"branch","line":11,"loc":{"start":{"line":11,"column":21},"end":{"line":11,"column":50}},"locations":[{"start":{"line":11,"column":21},"end":{"line":11,"column":50}}]},"7":{"type":"branch","line":26,"loc":{"start":{"line":26,"column":21},"end":{"line":36,"column":3}},"locations":[{"start":{"line":26,"column":21},"end":{"line":36,"column":3}}]},"8":{"type":"branch","line":37,"loc":{"start":{"line":37,"column":23},"end":{"line":52,"column":3}},"locations":[{"start":{"line":37,"column":23},"end":{"line":52,"column":3}}]},"9":{"type":"branch","line":39,"loc":{"start":{"line":39,"column":6},"end":{"line":39,"column":72}},"locations":[{"start":{"line":39,"column":6},"end":{"line":39,"column":72}}]},"10":{"type":"branch","line":42,"loc":{"start":{"line":42,"column":6},"end":{"line":42,"column":72}},"locations":[{"start":{"line":42,"column":6},"end":{"line":42,"column":72}}]},"11":{"type":"branch","line":44,"loc":{"start":{"line":44,"column":45},"end":{"line":45,"column":33}},"locations":[{"start":{"line":44,"column":45},"end":{"line":45,"column":33}}]},"12":{"type":"branch","line":47,"loc":{"start":{"line":47,"column":51},"end":{"line":47,"column":77}},"locations":[{"start":{"line":47,"column":51},"end":{"line":47,"column":77}}]},"13":{"type":"branch","line":48,"loc":{"start":{"line":48,"column":51},"end":{"line":48,"column":77}},"locations":[{"start":{"line":48,"column":51},"end":{"line":48,"column":77}}]},"14":{"type":"branch","line":50,"loc":{"start":{"line":50,"column":24},"end":{"line":50,"column":54}},"locations":[{"start":{"line":50,"column":24},"end":{"line":50,"column":54}}]}},"b":{"0":[4],"1":[400],"2":[132],"3":[268],"4":[80],"5":[320],"6":[400],"7":[1],"8":[1],"9":[47],"10":[47],"11":[47],"12":[27],"13":[14],"14":[6]},"fnMap":{"0":{"name":"fizzBuzz","decl":{"start":{"line":4,"column":24},"end":{"line":12,"column":2}},"loc":{"start":{"line":4,"column":24},"end":{"line":12,"column":2}},"line":4}},"f":{"0":4}}
}
